<?xml version="1.0" encoding="UTF-8"?>
<!-- Generated by org.testng.reporters.JUnitReportReporter -->
<testsuite hostname="DESKTOP-38H9MV0" failures="0" tests="3" name="com.qa.testcases.TC_Logintest_003" time="2.321" errors="0" timestamp="2024-10-01T14:55:09 IST" skipped="0">
  <testcase classname="com.qa.testcases.TC_Logintest_003" name="test1" time="1.261"/>
  <testcase classname="com.qa.testcases.TC_Logintest_003" name="test2" time="0.987"/>
  <testcase classname="com.qa.testcases.TC_Logintest_003" name="test3" time="0.073"/>
</testsuite> <!-- com.qa.testcases.TC_Logintest_003 -->
