<?xml version="1.0" encoding="UTF-8"?>
<!-- Generated by org.testng.reporters.JUnitReportReporter -->
<testsuite hostname="DESKTOP-38H9MV0" failures="0" tests="1" name="com.qa.testcases.TC_Register_002" time="11.833" errors="0" timestamp="2024-10-01T14:55:09 IST" skipped="0">
  <testcase classname="com.qa.testcases.TC_Register_002" name="test1" time="11.833"/>
</testsuite> <!-- com.qa.testcases.TC_Register_002 -->
