<?xml version="1.0" encoding="UTF-8"?>
<!-- Generated by org.testng.reporters.JUnitReportReporter -->
<testsuite hostname="DESKTOP-38H9MV0" failures="0" tests="1" name="com.qa.testcases.TC_linkText_001" time="5.396" errors="0" timestamp="2024-09-16T19:38:45 IST" skipped="0">
  <testcase classname="com.qa.testcases.TC_linkText_001" name="linkText" time="5.396"/>
</testsuite> <!-- com.qa.testcases.TC_linkText_001 -->
